2022-03-28T07:38:34.984396850Z [nltk_data] Downloading package omw-1.4 to /root/nltk_data...
2022-03-28T07:38:34.984406358Z [nltk_data]   Unzipping corpora/omw-1.4.zip.
2022-03-28T07:38:34.984409704Z [nltk_data] Downloading package punkt to /root/nltk_data...
2022-03-28T07:38:34.984412129Z [nltk_data]   Unzipping tokenizers/punkt.zip.
2022-03-28T07:38:34.984414643Z [nltk_data] Downloading package wordnet to /root/nltk_data...
2022-03-28T07:38:34.984417138Z [nltk_data]   Unzipping corpora/wordnet.zip.
2022-03-28T07:38:34.984419262Z [nltk_data] Downloading package stopwords to /root/nltk_data...
2022-03-28T07:38:34.984421546Z [nltk_data]   Unzipping corpora/stopwords.zip.
2022-03-28T07:38:34.984423841Z [nltk_data] Downloading package averaged_perceptron_tagger to
2022-03-28T07:38:34.984425935Z [nltk_data]     /root/nltk_data...
2022-03-28T07:38:34.984428049Z [nltk_data]   Unzipping taggers/averaged_perceptron_tagger.zip.
2022-03-28T07:38:34.984430273Z  * Running on all addresses.
2022-03-28T07:38:34.984432477Z    WARNING: This is a development server. Do not use it in a production deployment.
2022-03-28T07:38:34.987037218Z  * Running on http://172.17.0.2:12345/ (Press CTRL+C to quit)
2022-03-28T07:38:36.165882911Z [2022-03-28 07:38:36,165] ERROR in app: 36
2022-03-28T07:38:36.165901767Z Traceback (most recent call last):
2022-03-28T07:38:36.165904211Z   File "hw1/app.py", line 17, in annotate
2022-03-28T07:38:36.165906336Z     predictions_s = model.predict(tokens_s)
2022-03-28T07:38:36.165908199Z   File "/home/app/hw1/stud/implementation.py", line 362, in predict
2022-03-28T07:38:36.165910243Z     prediction.append(dataset.id2class[preds[i][j].item()])
2022-03-28T07:38:36.165912096Z KeyError: 36
2022-03-28T07:38:36.167808687Z 172.17.0.1 - - [28/Mar/2022 07:38:36] "[31m[1mPOST / HTTP/1.1[0m" 400 -
